fc2f0c46-06cc-4e66-8c19-25c589a87380:1760556505148:40:F:select * from customers;
278c6d2e-66bb-40e5-af98-ee10bc430932:1760557863364:37:F:CREATE OR REPLACE PROCEDURE save_customer(\n    c_id IN customers.id%TYPE,\n    c_name IN customers.name%TYPE,\n    c_age IN customers.age%TYPE,\n    c_address IN customers.address%TYPE,\n    c_salary IN customers.salary%TYPE)\nIS\nBEGIN\n\n    INSERT INTO customers(id,name,age,address,salary) VALUES(c_id,c_name,c_age,c_address,c_salary);\n    COMMIT;\n\nEXCEPTION\n    WHEN OTHERS THEN\n        ROLLBACK;\n        RAISE_APPLICATION_ERROR(-20001, 'Error intertar guardar el empleado' || SQLERRM);\n\nEND save_customer;\n/
a3ee3a70-38a5-49b1-86e5-eae5e48acc40:1760557927023:24:S:EXECUTE save_customer(1,'Antonio',30,'Mazatlan #69',100.0);
816d878d-55d5-4055-8e4f-de259f3a11ab:1760557945944:6:F:select * from customers;
47d1a1a8-b2fa-4564-92fc-3405ac83ed90:1760558346640:0:F:EXECUTE save_customer(1,'Antonio',30,'Mazatlan #69',100.0);
2fe4d5c7-198c-48d3-90f5-0036876bb945:1760558684887:17:S:EXECUTE save_customer(2,'Antonia',33,'Mazatlan #69',200.0);
20425048-e642-447a-a535-3d17902d2ca5:1760558699317:7:F:select * from customers;
122395cf-64bb-4eed-aaae-ea8736ca8f42:1760560191733:0:F:git status
81e85110-ca1f-4b4e-a285-c5a6ba90c24a:1760561423823:48:F:CREATE OR REPLACE FUNCTION totalCustomers \nRETURN number IS \n   total number(2) := 0; \nBEGIN \n   SELECT count(*) into total \n   FROM customers; \n    \n   RETURN total; \nEND; \n/
5ee6e2bd-e84e-4775-9e62-3a92762cad68:1760561526206:0:F:execute totalCustomers;
282b11bd-275f-4f30-8dea-934bc27752c1:1760561633207:165:F:select totalCustomers() from customers;
06de0592-0ddc-4bd6-b3e4-e01318d586dc:1760561770503:9:F:CREATE OR REPLACE FUNCTION totalCustomers \nRETURN number IS \n   total number(2) := 0; \nBEGIN \n   SELECT count(*) into total \n   FROM customers; \n    \n   RETURN total; \nEND; \n/
81a1c3b6-5b9c-4260-9761-5f198f42fc95:1760561776283:8:F:select totalCustomers() from customers;
4ba5dd52-afd1-4135-a9d7-53987b4196bd:1760561887268:14:F:select totalCustomers() from dual;
27533e3f-f81e-4c41-94d0-e805b8b320d3:1760562054557:225:F:desc dual;
fab3ea3e-baff-4f62-9fd6-93e6a59b18f8:1760562294884:44:F:CREATE OR REPLACE FUNCTION total_clientes\n    RETURN NUMBER IS\n    totalClientes NUMBER(2);\nBEGIN\n    SELECT COUNT(*) INTO totalClientes FROM customers;\n    RETURN totalClientes;\n\nEND total_clientes;\n/
e387ee12-3688-4790-85e3-9536b1e4515d:1760562330015:78:F:select total_clientes()  from dual;
fa5fe79a-2ba3-4b5b-b95c-2e40e2cf5bb4:1760564349570:38:F:CREATE OR REPLACE FUNCTION total_clientes\n    RETURN NUMBER IS\n    totalClientes NUMBER(2);\nBEGIN\n    SELECT COUNT(*) INTO totalClientes FROM customers;\n    RETURN totalClientes;\n\n\nEND total_clientes;\n/
6d0e3b6d-405e-455a-a5a9-a252171d8305:1760564366583:8:F:select * from customers;
d075da84-76b8-4a2f-9c5b-bd556842a721:1760564968342:29:F:DECLARE  \n   total_rows number(2); \nBEGIN \n   UPDATE customers \n   SET salary = salary + 500; \n   IF sql%notfound THEN \n      dbms_output.put_line('no customers selected'); \n   ELSIF sql%found THEN \n      total_rows := sql%rowcount;\n      dbms_output.put_line( total_rows || ' customers selected '); \n   END IF;  \nEND; \n/
be5fb94e-2bda-4541-b305-6f51a2b38d34:1760564990635:5:F:select * from customers;
9e48ab3f-88ac-489f-988c-8075c6f88547:1760565059248:0:S:set SERVEROUTPUT on;
67c75d4a-9084-4b29-969d-c2a0bf031dd2:1760565059547:6:F:DECLARE  \n   total_rows number(2); \nBEGIN \n   UPDATE customers \n   SET salary = salary + 500; \n   IF sql%notfound THEN \n      dbms_output.put_line('no customers selected'); \n   ELSIF sql%found THEN \n      total_rows := sql%rowcount;\n      dbms_output.put_line( total_rows || ' customers selected '); \n   END IF;  \nEND; \n/
1513a950-1135-4f42-a936-ece9d4b93b31:1760565074473:8:F:select * from customers;
e527544a-1fa1-4d0f-9a70-ef6b6584a015:1760565523540:0:S:set SERVEROUTPUT on;
a5a613f9-12b9-42be-a1cf-42cf8b17e827:1760565523839:23:F:DECLARE  \n   total_rows number(2); \nBEGIN\n    \n   UPDATE customers SET salary = salary + 500 WHERE id = 3; \n\n   IF sql%notfound THEN \n      dbms_output.put_line('no customers selected'); \n   ELSIF sql%found THEN \n      total_rows := sql%rowcount;\n      dbms_output.put_line( total_rows || ' customers selected '); \n   END IF;  \nEND; \n/
31d6905f-822a-47a9-9620-78cc1ff9b65a:1760565971049:56:F:SELECT * FROM CUSTOMERS;
4efe553a-fcfa-475c-b695-fd3a441efc01:1760565975419:0:S:set SERVEROUTPUT on;
6c570596-ce4e-4691-812c-644e08a143d1:1760565984562:25:F:DECLARE\n    filasAfectadas number;\nBEGIN\n    UPDATE customers SET SALARY = 100.0; -- Se crea un cursor implicito 'SQL'\n\n    IF SQL%NOTFOUND THEN\n        DBMS_OUTPUT.PUT_LINE('No se encontraron coincidencias.');\n    ELSE\n        filasAfectadas := SQL%ROWCOUNT;\n        DBMS_OUTPUT.PUT_LINE('No se encontraron coincidencias.');\n    END IF;\nEND;\n/
f5d7f89d-f5c3-4092-979d-cedfe999e007:1760565993937:0:S:set SERVEROUTPUT on;
a41eaff9-9feb-480a-8bab-249435c4c817:1760565994202:11:F:DECLARE\n    filasAfectadas number;\nBEGIN\n    UPDATE customers SET SALARY = 100.0; -- Se crea un cursor implicito 'SQL'\n\n    IF SQL%NOTFOUND THEN\n        DBMS_OUTPUT.PUT_LINE('No se encontraron coincidencias.');\n    ELSE\n        filasAfectadas := SQL%ROWCOUNT;\n        DBMS_OUTPUT.PUT_LINE('No se encontraron coincidencias.');\n    END IF;\nEND;\n/
86748f58-bb6b-4868-b52e-1a861c0f14c1:1760566004647:9:F:SELECT * FROM CUSTOMERS;
76828991-6fa8-472d-a231-a57f7c468c17:1760566069608:0:S:set SERVEROUTPUT on;
4595d0c1-b08d-4954-940e-d25b26b4556a:1760566069877:9:F:DECLARE\n    filasAfectadas number;\nBEGIN\n    UPDATE customers SET SALARY = 100.0; -- Se crea un cursor implicito 'SQL'\n\n    IF SQL%NOTFOUND THEN\n        DBMS_OUTPUT.PUT_LINE('No se encontraron coincidencias.');\n    ELSE\n        filasAfectadas := SQL%ROWCOUNT;\n        DBMS_OUTPUT.PUT_LINE('FILAS AFECTADAS: ' || filasAfectadas);\n    END IF;\nEND;\n/
12412b02-8771-4808-875b-a8e740b2cc42:1760566123581:0:F:INSERT INTO CUSTOMERS (ID,NAME,AGE,ADDRESS,SALARY) \nVALUES (1, 'Ramesh', 32, 'Ahmedabad', 2000.00 );
3b946381-0354-4291-b07b-79ad32e99619:1760566138004:0:F:INSERT INTO CUSTOMERS (ID,NAME,AGE,ADDRESS,SALARY) \nVALUES (2, 'Ramesh', 32, 'Ahmedabad', 2000.00 );
583f8839-02e8-45a3-a702-32054ce52549:1760566174587:0:F:INSERT INTO CUSTOMERS (ID,NAME,AGE,ADDRESS,SALARY) \nVALUES (2, 'Ramesh', 32, 'Ahmedabad', 2000.00 );
fb918338-0c8e-4e77-8b9c-a743c54c8137:1760566195738:0:F:INSERT INTO CUSTOMERS (ID,NAME,AGE,ADDRESS,SALARY) VALUES (2, 'Ramesh', 32, 'Ahmedabad', 2000.00 );
39ce1196-b8d7-4de6-a7f5-d99d16866329:1760566218619:11:F:INSERT INTO CUSTOMERS (ID,NAME,AGE,ADDRESS,SALARY) VALUES (3, 'Ramesh', 32, 'Ahmedabad', 2000.00 );
fee35ea3-209e-453f-bb0a-41ca9152fa19:1760566232195:9:F:SELECT * FROM CUSTOMERS;
9c1f6a4a-0e39-460f-93ad-0fc6c065ee3c:1760566241158:0:S:set SERVEROUTPUT on;
ef6bae99-1255-4202-abb9-3d465333255a:1760566241454:6:F:DECLARE\n    filasAfectadas number;\nBEGIN\n    UPDATE customers SET SALARY = 100.0; -- Se crea un cursor implicito 'SQL'\n\n    IF SQL%NOTFOUND THEN\n        DBMS_OUTPUT.PUT_LINE('NO SE ENCONTRARON COINCIDENCIAS.');\n    ELSE\n        filasAfectadas := SQL%ROWCOUNT;\n        DBMS_OUTPUT.PUT_LINE('FILAS AFECTADAS: ' || filasAfectadas);\n    END IF;\nEND;\n/
